TN:
SF:/Users/macbook/Desktop/Clone/macinodds-web/src/polyfills.ts
FNF:0
FNH:0
LF:0
LH:0
BRF:0
BRH:0
end_of_record
TN:
SF:/Users/macbook/Desktop/Clone/macinodds-web/src/test.ts
FNF:0
FNH:0
DA:13,1
DA:18,1
DA:20,1
LF:3
LH:3
BRF:0
BRH:0
end_of_record
TN:
SF:/Users/macbook/Desktop/Clone/macinodds-web/src/app/app.component.ts
FN:3,(anonymous_0)
FNF:1
FNH:1
FNDA:2,(anonymous_0)
DA:8,1
DA:9,2
LF:2
LH:2
BRF:0
BRH:0
end_of_record
TN:
SF:/Users/macbook/Desktop/Clone/macinodds-web/src/app/component/menu-add-device/menu-add-device.component.ts
FN:16,(anonymous_0)
FN:18,(anonymous_1)
FNF:2
FNH:2
FNDA:1,(anonymous_0)
FNDA:1,(anonymous_1)
DA:8,1
DA:9,1
DA:10,1
DA:11,1
DA:12,1
DA:13,1
DA:14,1
LF:7
LH:7
BRF:0
BRH:0
end_of_record
TN:
SF:/Users/macbook/Desktop/Clone/macinodds-web/src/app/component/menu-view-admin/menu-view-admin.component.ts
FN:10,(anonymous_0)
FN:12,(anonymous_1)
FNF:2
FNH:2
FNDA:1,(anonymous_0)
FNDA:1,(anonymous_1)
DA:8,1
LF:1
LH:1
BRF:0
BRH:0
end_of_record
TN:
SF:/Users/macbook/Desktop/Clone/macinodds-web/src/app/service/menu-service.service.ts
FN:8,(anonymous_0)
FN:10,(anonymous_1)
FN:48,(anonymous_2)
FNF:3
FNH:3
FNDA:4,(anonymous_0)
FNDA:3,(anonymous_1)
FNDA:1,(anonymous_2)
DA:6,1
DA:11,3
DA:45,3
DA:49,1
DA:50,1
DA:51,2
DA:52,0
DA:55,1
LF:8
LH:7
BRF:0
BRH:0
end_of_record
TN:
SF:/Users/macbook/Desktop/Clone/macinodds-web/src/app/side-nav/side-nav.component.ts
FN:23,(anonymous_0)
FN:20,(anonymous_1)
FN:31,(anonymous_2)
FNF:3
FNH:3
FNDA:2,(anonymous_0)
FNDA:8,(anonymous_1)
FNDA:1,(anonymous_2)
DA:13,1
DA:14,2
DA:18,2
DA:20,8
DA:24,2
DA:25,2
DA:26,2
DA:28,2
DA:32,1
DA:33,0
DA:34,0
DA:36,1
LF:12
LH:10
BRDA:32,0,0,0
BRDA:32,0,1,1
BRF:2
BRH:1
end_of_record
